<?xml version="1.0" encoding="UTF-8"?>
<testng-results skipped="0" failed="2" ignored="0" total="8" passed="6">
  <reporter-output>
    <line>
      <![CDATA[INFO: The value found with Environment variable Falcon is: Falcon]]>
    </line>
    <line>
      <![CDATA[INFO: The value found with Environment Module variable login is: login]]>
    </line>
    <line>
      <![CDATA[The value found with Environment variable WIN_10_chrome_84, WIN_10_firefox_83, is: WIN_10_chrome_84, WIN_10_firefox_83,]]>
    </line>
    <line>
      <![CDATA[INFO: Clients Found: [Falcon]
]]>
    </line>
    <line>
      <![CDATA[INFO: Modules Selected: [login]
]]>
    </line>
    <line>
      <![CDATA[INFO: New Suite Created with name: Falcon-Sample- WIN_10_firefox_83]]>
    </line>
    <line>
      <![CDATA[<?xml version="1.0" encoding="UTF-8"?>
<!DOCTYPE suite SYSTEM "http://testng.org/testng-1.0.dtd">
<suite name="Falcon-Sample- WIN_10_firefox_83">
  <parameter name="os" value=" WIN"/>
  <parameter name="osVersion" value="10"/>
  <parameter name="browser" value="firefox"/>
  <parameter name="browserVersion" value="83"/>
  <test thread-count="5" name="SampleTest">
    <classes>
      <class name="com.atmecs.falcon_ui_project.testscript.LoginTest"/>
    </classes>
  </test> <!-- SampleTest -->
</suite> <!-- Falcon-Sample- WIN_10_firefox_83 -->
]]>
    </line>
    <line>
      <![CDATA[INFO: New Suite Created with name: Falcon-Sample-WIN_10_chrome_84]]>
    </line>
    <line>
      <![CDATA[<?xml version="1.0" encoding="UTF-8"?>
<!DOCTYPE suite SYSTEM "http://testng.org/testng-1.0.dtd">
<suite name="Falcon-Sample-WIN_10_chrome_84">
  <parameter name="os" value="WIN"/>
  <parameter name="osVersion" value="10"/>
  <parameter name="browser" value="chrome"/>
  <parameter name="browserVersion" value="84"/>
  <test thread-count="5" name="SampleTest">
    <classes>
      <class name="com.atmecs.falcon_ui_project.testscript.LoginTest"/>
    </classes>
  </test> <!-- SampleTest -->
</suite> <!-- Falcon-Sample-WIN_10_chrome_84 -->
]]>
    </line>
    <line>
      <![CDATA[Click on login link]]>
    </line>
    <line>
      <![CDATA[Enter username]]>
    </line>
    <line>
      <![CDATA[Enter password]]>
    </line>
    <line>
      <![CDATA[Click login Button]]>
    </line>
    <line>
      <![CDATA[Click on login link]]>
    </line>
    <line>
      <![CDATA[Enter username]]>
    </line>
    <line>
      <![CDATA[Enter password]]>
    </line>
    <line>
      <![CDATA[Click login Button]]>
    </line>
    <line>
      <![CDATA[Click on login link]]>
    </line>
    <line>
      <![CDATA[Enter username]]>
    </line>
    <line>
      <![CDATA[Enter password]]>
    </line>
    <line>
      <![CDATA[Click login Button]]>
    </line>
    <line>
      <![CDATA[Click on login link]]>
    </line>
    <line>
      <![CDATA[Enter username]]>
    </line>
    <line>
      <![CDATA[Enter password]]>
    </line>
    <line>
      <![CDATA[Click login Button]]>
    </line>
    <line>
      <![CDATA[Click on login link]]>
    </line>
    <line>
      <![CDATA[Enter username]]>
    </line>
    <line>
      <![CDATA[Enter password]]>
    </line>
    <line>
      <![CDATA[Click login Button]]>
    </line>
    <line>
      <![CDATA[Click on login link]]>
    </line>
    <line>
      <![CDATA[Enter username]]>
    </line>
    <line>
      <![CDATA[Enter password]]>
    </line>
    <line>
      <![CDATA[Click login Button]]>
    </line>
  </reporter-output>
  <suite name="Falcon-Sample-WIN_10_chrome_84" duration-ms="91999" started-at="2020-12-01T12:00:22Z" finished-at="2020-12-01T12:01:54Z">
    <groups>
    </groups>
    <test name="SampleTest" duration-ms="91999" started-at="2020-12-01T12:00:22Z" finished-at="2020-12-01T12:01:54Z">
      <class name="com.atmecs.falcon_ui_project.testscript.LoginTest">
        <test-method status="PASS" signature="preSetup()[pri:0, instance:com.atmecs.falcon_ui_project.testscript.LoginTest@2b2abff1]" name="preSetup" is-config="true" duration-ms="1541" started-at="2020-12-01T12:00:22Z" finished-at="2020-12-01T12:00:24Z">
          <reporter-output>
          </reporter-output>
        </test-method> <!-- preSetup -->
        <test-method status="PASS" signature="initBrowser(java.lang.String, java.lang.String, java.lang.String, java.lang.String)[pri:0, instance:com.atmecs.falcon_ui_project.testscript.LoginTest@2b2abff1]" name="initBrowser" is-config="true" duration-ms="0" started-at="2020-12-01T12:00:25Z" finished-at="2020-12-01T12:00:25Z">
          <params>
            <param index="0">
              <value>
                <![CDATA[WIN]]>
              </value>
            </param>
            <param index="1">
              <value>
                <![CDATA[10]]>
              </value>
            </param>
            <param index="2">
              <value>
                <![CDATA[chrome]]>
              </value>
            </param>
            <param index="3">
              <value>
                <![CDATA[84]]>
              </value>
            </param>
          </params>
          <reporter-output>
          </reporter-output>
        </test-method> <!-- initBrowser -->
        <test-method status="FAIL" signature="testLogin(java.lang.String, java.lang.String)[pri:0, instance:com.atmecs.falcon_ui_project.testscript.LoginTest@2b2abff1]" name="testLogin" duration-ms="21759" started-at="2020-12-01T12:00:25Z" data-provider="logindata" finished-at="2020-12-01T12:00:46Z">
          <params>
            <param index="0">
              <value>
                <![CDATA[rizwan]]>
              </value>
            </param>
            <param index="1">
              <value>
                <![CDATA[riz1234]]>
              </value>
            </param>
          </params>
          <exception class="org.openqa.selenium.WebDriverException">
            <message>
              <![CDATA[Timed out waiting for driver server to start.
Build info: version: '3.141.59', revision: 'e82be7d358', time: '2018-11-14T08:17:03'
System info: host: 'ATMECSINLT-407', ip: '192.168.0.112', os.name: 'Windows 10', os.arch: 'amd64', os.version: '10.0', java.version: '1.8.0_271'
Driver info: driver.version: ChromeDriver]]>
            </message>
            <full-stacktrace>
              <![CDATA[org.openqa.selenium.WebDriverException: Timed out waiting for driver server to start.
Build info: version: '3.141.59', revision: 'e82be7d358', time: '2018-11-14T08:17:03'
System info: host: 'ATMECSINLT-407', ip: '192.168.0.112', os.name: 'Windows 10', os.arch: 'amd64', os.version: '10.0', java.version: '1.8.0_271'
Driver info: driver.version: ChromeDriver
at org.openqa.selenium.remote.service.DriverService.waitUntilAvailable(DriverService.java:202)
at org.openqa.selenium.remote.service.DriverService.start(DriverService.java:188)
at org.openqa.selenium.remote.service.DriverCommandExecutor.execute(DriverCommandExecutor.java:79)
at org.openqa.selenium.remote.RemoteWebDriver.execute(RemoteWebDriver.java:552)
at org.openqa.selenium.remote.RemoteWebDriver.startSession(RemoteWebDriver.java:213)
at org.openqa.selenium.remote.RemoteWebDriver.<init>(RemoteWebDriver.java:131)
at org.openqa.selenium.chrome.ChromeDriver.<init>(ChromeDriver.java:181)
at org.openqa.selenium.chrome.ChromeDriver.<init>(ChromeDriver.java:168)
at org.openqa.selenium.chrome.ChromeDriver.<init>(ChromeDriver.java:123)
at com.atmecs.falcon.automation.ui.selenium.RunModeLocal.setChromeDriver(RunModeLocal.java:164)
at com.atmecs.falcon.automation.ui.selenium.RunModeLocal.<init>(RunModeLocal.java:51)
at com.atmecs.falcon.automation.ui.selenium.RunModeFactory.getRunMode(RunModeFactory.java:23)
at com.atmecs.falcon.automation.ui.selenium.Browser.openURL(Browser.java:375)
at com.atmecs.falcon_ui_project.pages.BasePage.navigateToUrl(BasePage.java:12)
at com.atmecs.falcon_ui_project.testscript.LoginTest.testLogin(LoginTest.java:39)
at sun.reflect.NativeMethodAccessorImpl.invoke0(Native Method)
at sun.reflect.NativeMethodAccessorImpl.invoke(Unknown Source)
at sun.reflect.DelegatingMethodAccessorImpl.invoke(Unknown Source)
at java.lang.reflect.Method.invoke(Unknown Source)
at org.testng.internal.MethodInvocationHelper.invokeMethod(MethodInvocationHelper.java:124)
at org.testng.internal.Invoker.invokeMethod(Invoker.java:583)
at org.testng.internal.Invoker.invokeTestMethod(Invoker.java:719)
at org.testng.internal.Invoker.invokeTestMethods(Invoker.java:989)
at org.testng.internal.TestMethodWorker.invokeTestMethods(TestMethodWorker.java:125)
at org.testng.internal.TestMethodWorker.run(TestMethodWorker.java:109)
at org.testng.TestRunner.privateRun(TestRunner.java:648)
at org.testng.TestRunner.run(TestRunner.java:505)
at org.testng.SuiteRunner.runTest(SuiteRunner.java:455)
at org.testng.SuiteRunner.runSequentially(SuiteRunner.java:450)
at org.testng.SuiteRunner.privateRun(SuiteRunner.java:415)
at org.testng.SuiteRunner.run(SuiteRunner.java:364)
at org.testng.SuiteRunnerWorker.runSuite(SuiteRunnerWorker.java:52)
at org.testng.SuiteRunnerWorker.run(SuiteRunnerWorker.java:84)
at org.testng.TestNG.runSuitesSequentially(TestNG.java:1208)
at org.testng.TestNG.runSuitesLocally(TestNG.java:1137)
at org.testng.TestNG.runSuites(TestNG.java:1049)
at org.testng.TestNG.run(TestNG.java:1017)
at com.atmecs.falcon_ui_project.runner.TestNGRunner.main(TestNGRunner.java:63)
at sun.reflect.NativeMethodAccessorImpl.invoke0(Native Method)
at sun.reflect.NativeMethodAccessorImpl.invoke(Unknown Source)
at sun.reflect.DelegatingMethodAccessorImpl.invoke(Unknown Source)
at java.lang.reflect.Method.invoke(Unknown Source)
at org.codehaus.mojo.exec.ExecJavaMojo$1.run(ExecJavaMojo.java:294)
at java.lang.Thread.run(Unknown Source)
Caused by: org.openqa.selenium.net.UrlChecker$TimeoutException: Timed out waiting for [http://localhost:38403/status] to be available after 20027 ms
at org.openqa.selenium.net.UrlChecker.waitUntilAvailable(UrlChecker.java:100)
at org.openqa.selenium.remote.service.DriverService.waitUntilAvailable(DriverService.java:197)
... 43 more
Caused by: java.util.concurrent.TimeoutException
at java.util.concurrent.FutureTask.get(Unknown Source)
at com.google.common.util.concurrent.SimpleTimeLimiter.callWithTimeout(SimpleTimeLimiter.java:156)
at org.openqa.selenium.net.UrlChecker.waitUntilAvailable(UrlChecker.java:75)
... 44 more
]]>
            </full-stacktrace>
          </exception> <!-- org.openqa.selenium.WebDriverException -->
          <reporter-output>
          </reporter-output>
        </test-method> <!-- testLogin -->
        <test-method status="PASS" signature="testLogin(java.lang.String, java.lang.String)[pri:0, instance:com.atmecs.falcon_ui_project.testscript.LoginTest@2b2abff1]" name="testLogin" duration-ms="48331" started-at="2020-12-01T12:00:46Z" data-provider="logindata" finished-at="2020-12-01T12:01:35Z">
          <params>
            <param index="0">
              <value>
                <![CDATA[mashu]]>
              </value>
            </param>
            <param index="1">
              <value>
                <![CDATA[mashh34]]>
              </value>
            </param>
          </params>
          <reporter-output>
            <line>
              <![CDATA[Click on login link]]>
            </line>
            <line>
              <![CDATA[Enter username]]>
            </line>
            <line>
              <![CDATA[Enter password]]>
            </line>
            <line>
              <![CDATA[Click login Button]]>
            </line>
          </reporter-output>
        </test-method> <!-- testLogin -->
        <test-method status="PASS" signature="initBrowser(java.lang.String, java.lang.String, java.lang.String, java.lang.String)[pri:0, instance:com.atmecs.falcon_ui_project.testscript.LoginTest@2b2abff1]" name="initBrowser" is-config="true" duration-ms="0" started-at="2020-12-01T12:00:46Z" finished-at="2020-12-01T12:00:46Z">
          <params>
            <param index="0">
              <value>
                <![CDATA[WIN]]>
              </value>
            </param>
            <param index="1">
              <value>
                <![CDATA[10]]>
              </value>
            </param>
            <param index="2">
              <value>
                <![CDATA[chrome]]>
              </value>
            </param>
            <param index="3">
              <value>
                <![CDATA[84]]>
              </value>
            </param>
          </params>
          <reporter-output>
          </reporter-output>
        </test-method> <!-- initBrowser -->
        <test-method status="PASS" signature="initBrowser(java.lang.String, java.lang.String, java.lang.String, java.lang.String)[pri:0, instance:com.atmecs.falcon_ui_project.testscript.LoginTest@2b2abff1]" name="initBrowser" is-config="true" duration-ms="0" started-at="2020-12-01T12:01:35Z" finished-at="2020-12-01T12:01:35Z">
          <params>
            <param index="0">
              <value>
                <![CDATA[WIN]]>
              </value>
            </param>
            <param index="1">
              <value>
                <![CDATA[10]]>
              </value>
            </param>
            <param index="2">
              <value>
                <![CDATA[chrome]]>
              </value>
            </param>
            <param index="3">
              <value>
                <![CDATA[84]]>
              </value>
            </param>
          </params>
          <reporter-output>
          </reporter-output>
        </test-method> <!-- initBrowser -->
        <test-method status="PASS" signature="testLogin(java.lang.String, java.lang.String)[pri:0, instance:com.atmecs.falcon_ui_project.testscript.LoginTest@2b2abff1]" name="testLogin" duration-ms="7328" started-at="2020-12-01T12:01:35Z" data-provider="logindata" finished-at="2020-12-01T12:01:42Z">
          <params>
            <param index="0">
              <value>
                <![CDATA[izhaan]]>
              </value>
            </param>
            <param index="1">
              <value>
                <![CDATA[izz443]]>
              </value>
            </param>
          </params>
          <reporter-output>
            <line>
              <![CDATA[Click on login link]]>
            </line>
            <line>
              <![CDATA[Enter username]]>
            </line>
            <line>
              <![CDATA[Enter password]]>
            </line>
            <line>
              <![CDATA[Click login Button]]>
            </line>
          </reporter-output>
        </test-method> <!-- testLogin -->
        <test-method status="PASS" signature="testLogin(java.lang.String, java.lang.String)[pri:0, instance:com.atmecs.falcon_ui_project.testscript.LoginTest@2b2abff1]" name="testLogin" duration-ms="9019" started-at="2020-12-01T12:01:42Z" data-provider="logindata" finished-at="2020-12-01T12:01:51Z">
          <params>
            <param index="0">
              <value>
                <![CDATA[alecook]]>
              </value>
            </param>
            <param index="1">
              <value>
                <![CDATA[cook223]]>
              </value>
            </param>
          </params>
          <reporter-output>
            <line>
              <![CDATA[Click on login link]]>
            </line>
            <line>
              <![CDATA[Enter username]]>
            </line>
            <line>
              <![CDATA[Enter password]]>
            </line>
            <line>
              <![CDATA[Click login Button]]>
            </line>
          </reporter-output>
        </test-method> <!-- testLogin -->
        <test-method status="PASS" signature="initBrowser(java.lang.String, java.lang.String, java.lang.String, java.lang.String)[pri:0, instance:com.atmecs.falcon_ui_project.testscript.LoginTest@2b2abff1]" name="initBrowser" is-config="true" duration-ms="0" started-at="2020-12-01T12:01:42Z" finished-at="2020-12-01T12:01:42Z">
          <params>
            <param index="0">
              <value>
                <![CDATA[WIN]]>
              </value>
            </param>
            <param index="1">
              <value>
                <![CDATA[10]]>
              </value>
            </param>
            <param index="2">
              <value>
                <![CDATA[chrome]]>
              </value>
            </param>
            <param index="3">
              <value>
                <![CDATA[84]]>
              </value>
            </param>
          </params>
          <reporter-output>
          </reporter-output>
        </test-method> <!-- initBrowser -->
        <test-method status="PASS" signature="teardown()[pri:0, instance:com.atmecs.falcon_ui_project.testscript.LoginTest@2b2abff1]" name="teardown" is-config="true" duration-ms="3447" started-at="2020-12-01T12:01:51Z" finished-at="2020-12-01T12:01:54Z">
          <reporter-output>
          </reporter-output>
        </test-method> <!-- teardown -->
      </class> <!-- com.atmecs.falcon_ui_project.testscript.LoginTest -->
    </test> <!-- SampleTest -->
  </suite> <!-- Falcon-Sample-WIN_10_chrome_84 -->
  <suite name="Falcon-Sample- WIN_10_firefox_83" duration-ms="137575" started-at="2020-12-01T11:58:04Z" finished-at="2020-12-01T12:00:21Z">
    <groups>
    </groups>
    <test name="SampleTest" duration-ms="137575" started-at="2020-12-01T11:58:04Z" finished-at="2020-12-01T12:00:21Z">
      <class name="com.atmecs.falcon_ui_project.testscript.LoginTest">
        <test-method status="PASS" signature="preSetup()[pri:0, instance:com.atmecs.falcon_ui_project.testscript.LoginTest@3986a17]" name="preSetup" is-config="true" duration-ms="93" started-at="2020-12-01T11:58:04Z" finished-at="2020-12-01T11:58:04Z">
          <reporter-output>
          </reporter-output>
        </test-method> <!-- preSetup -->
        <test-method status="PASS" signature="initBrowser(java.lang.String, java.lang.String, java.lang.String, java.lang.String)[pri:0, instance:com.atmecs.falcon_ui_project.testscript.LoginTest@3986a17]" name="initBrowser" is-config="true" duration-ms="8" started-at="2020-12-01T11:58:05Z" finished-at="2020-12-01T11:58:05Z">
          <params>
            <param index="0">
              <value>
                <![CDATA[ WIN]]>
              </value>
            </param>
            <param index="1">
              <value>
                <![CDATA[10]]>
              </value>
            </param>
            <param index="2">
              <value>
                <![CDATA[firefox]]>
              </value>
            </param>
            <param index="3">
              <value>
                <![CDATA[83]]>
              </value>
            </param>
          </params>
          <reporter-output>
          </reporter-output>
        </test-method> <!-- initBrowser -->
        <test-method status="PASS" signature="testLogin(java.lang.String, java.lang.String)[pri:0, instance:com.atmecs.falcon_ui_project.testscript.LoginTest@3986a17]" name="testLogin" duration-ms="12061" started-at="2020-12-01T11:58:05Z" data-provider="logindata" finished-at="2020-12-01T11:58:17Z">
          <params>
            <param index="0">
              <value>
                <![CDATA[rizwan]]>
              </value>
            </param>
            <param index="1">
              <value>
                <![CDATA[riz1234]]>
              </value>
            </param>
          </params>
          <reporter-output>
            <line>
              <![CDATA[Click on login link]]>
            </line>
            <line>
              <![CDATA[Enter username]]>
            </line>
            <line>
              <![CDATA[Enter password]]>
            </line>
            <line>
              <![CDATA[Click login Button]]>
            </line>
          </reporter-output>
        </test-method> <!-- testLogin -->
        <test-method status="PASS" signature="initBrowser(java.lang.String, java.lang.String, java.lang.String, java.lang.String)[pri:0, instance:com.atmecs.falcon_ui_project.testscript.LoginTest@3986a17]" name="initBrowser" is-config="true" duration-ms="0" started-at="2020-12-01T11:58:17Z" finished-at="2020-12-01T11:58:17Z">
          <params>
            <param index="0">
              <value>
                <![CDATA[ WIN]]>
              </value>
            </param>
            <param index="1">
              <value>
                <![CDATA[10]]>
              </value>
            </param>
            <param index="2">
              <value>
                <![CDATA[firefox]]>
              </value>
            </param>
            <param index="3">
              <value>
                <![CDATA[83]]>
              </value>
            </param>
          </params>
          <reporter-output>
          </reporter-output>
        </test-method> <!-- initBrowser -->
        <test-method status="PASS" signature="testLogin(java.lang.String, java.lang.String)[pri:0, instance:com.atmecs.falcon_ui_project.testscript.LoginTest@3986a17]" name="testLogin" duration-ms="32645" started-at="2020-12-01T11:58:17Z" data-provider="logindata" finished-at="2020-12-01T11:58:49Z">
          <params>
            <param index="0">
              <value>
                <![CDATA[mashu]]>
              </value>
            </param>
            <param index="1">
              <value>
                <![CDATA[mashh34]]>
              </value>
            </param>
          </params>
          <reporter-output>
            <line>
              <![CDATA[Click on login link]]>
            </line>
            <line>
              <![CDATA[Enter username]]>
            </line>
            <line>
              <![CDATA[Enter password]]>
            </line>
            <line>
              <![CDATA[Click login Button]]>
            </line>
          </reporter-output>
        </test-method> <!-- testLogin -->
        <test-method status="PASS" signature="initBrowser(java.lang.String, java.lang.String, java.lang.String, java.lang.String)[pri:0, instance:com.atmecs.falcon_ui_project.testscript.LoginTest@3986a17]" name="initBrowser" is-config="true" duration-ms="1" started-at="2020-12-01T11:58:49Z" finished-at="2020-12-01T11:58:49Z">
          <params>
            <param index="0">
              <value>
                <![CDATA[ WIN]]>
              </value>
            </param>
            <param index="1">
              <value>
                <![CDATA[10]]>
              </value>
            </param>
            <param index="2">
              <value>
                <![CDATA[firefox]]>
              </value>
            </param>
            <param index="3">
              <value>
                <![CDATA[83]]>
              </value>
            </param>
          </params>
          <reporter-output>
          </reporter-output>
        </test-method> <!-- initBrowser -->
        <test-method status="PASS" signature="testLogin(java.lang.String, java.lang.String)[pri:0, instance:com.atmecs.falcon_ui_project.testscript.LoginTest@3986a17]" name="testLogin" duration-ms="18162" started-at="2020-12-01T11:58:49Z" data-provider="logindata" finished-at="2020-12-01T11:59:07Z">
          <params>
            <param index="0">
              <value>
                <![CDATA[izhaan]]>
              </value>
            </param>
            <param index="1">
              <value>
                <![CDATA[izz443]]>
              </value>
            </param>
          </params>
          <reporter-output>
            <line>
              <![CDATA[Click on login link]]>
            </line>
            <line>
              <![CDATA[Enter username]]>
            </line>
            <line>
              <![CDATA[Enter password]]>
            </line>
            <line>
              <![CDATA[Click login Button]]>
            </line>
          </reporter-output>
        </test-method> <!-- testLogin -->
        <test-method status="PASS" signature="initBrowser(java.lang.String, java.lang.String, java.lang.String, java.lang.String)[pri:0, instance:com.atmecs.falcon_ui_project.testscript.LoginTest@3986a17]" name="initBrowser" is-config="true" duration-ms="0" started-at="2020-12-01T11:59:07Z" finished-at="2020-12-01T11:59:07Z">
          <params>
            <param index="0">
              <value>
                <![CDATA[ WIN]]>
              </value>
            </param>
            <param index="1">
              <value>
                <![CDATA[10]]>
              </value>
            </param>
            <param index="2">
              <value>
                <![CDATA[firefox]]>
              </value>
            </param>
            <param index="3">
              <value>
                <![CDATA[83]]>
              </value>
            </param>
          </params>
          <reporter-output>
          </reporter-output>
        </test-method> <!-- initBrowser -->
        <test-method status="FAIL" signature="testLogin(java.lang.String, java.lang.String)[pri:0, instance:com.atmecs.falcon_ui_project.testscript.LoginTest@3986a17]" name="testLogin" duration-ms="64619" started-at="2020-12-01T11:59:07Z" data-provider="logindata" finished-at="2020-12-01T12:00:12Z">
          <params>
            <param index="0">
              <value>
                <![CDATA[alecook]]>
              </value>
            </param>
            <param index="1">
              <value>
                <![CDATA[cook223]]>
              </value>
            </param>
          </params>
          <exception class="org.openqa.selenium.WebDriverException">
            <message>
              <![CDATA[connection refused
Build info: version: '3.141.59', revision: 'e82be7d358', time: '2018-11-14T08:17:03'
System info: host: 'ATMECSINLT-407', ip: '192.168.0.112', os.name: 'Windows 10', os.arch: 'amd64', os.version: '10.0', java.version: '1.8.0_271'
Driver info: driver.version: FirefoxDriver
remote stacktrace: ]]>
            </message>
            <full-stacktrace>
              <![CDATA[org.openqa.selenium.WebDriverException: connection refused
Build info: version: '3.141.59', revision: 'e82be7d358', time: '2018-11-14T08:17:03'
System info: host: 'ATMECSINLT-407', ip: '192.168.0.112', os.name: 'Windows 10', os.arch: 'amd64', os.version: '10.0', java.version: '1.8.0_271'
Driver info: driver.version: FirefoxDriver
remote stacktrace: 
at sun.reflect.NativeConstructorAccessorImpl.newInstance0(Native Method)
at sun.reflect.NativeConstructorAccessorImpl.newInstance(Unknown Source)
at sun.reflect.DelegatingConstructorAccessorImpl.newInstance(Unknown Source)
at java.lang.reflect.Constructor.newInstance(Unknown Source)
at org.openqa.selenium.remote.W3CHandshakeResponse.lambda$errorHandler$0(W3CHandshakeResponse.java:62)
at org.openqa.selenium.remote.HandshakeResponse.lambda$getResponseFunction$0(HandshakeResponse.java:30)
at org.openqa.selenium.remote.ProtocolHandshake.lambda$createSession$0(ProtocolHandshake.java:126)
at java.util.stream.ReferencePipeline$3$1.accept(Unknown Source)
at java.util.Spliterators$ArraySpliterator.tryAdvance(Unknown Source)
at java.util.stream.ReferencePipeline.forEachWithCancel(Unknown Source)
at java.util.stream.AbstractPipeline.copyIntoWithCancel(Unknown Source)
at java.util.stream.AbstractPipeline.copyInto(Unknown Source)
at java.util.stream.AbstractPipeline.wrapAndCopyInto(Unknown Source)
at java.util.stream.FindOps$FindOp.evaluateSequential(Unknown Source)
at java.util.stream.AbstractPipeline.evaluate(Unknown Source)
at java.util.stream.ReferencePipeline.findFirst(Unknown Source)
at org.openqa.selenium.remote.ProtocolHandshake.createSession(ProtocolHandshake.java:128)
at org.openqa.selenium.remote.ProtocolHandshake.createSession(ProtocolHandshake.java:74)
at org.openqa.selenium.remote.HttpCommandExecutor.execute(HttpCommandExecutor.java:136)
at org.openqa.selenium.remote.service.DriverCommandExecutor.execute(DriverCommandExecutor.java:83)
at org.openqa.selenium.remote.RemoteWebDriver.execute(RemoteWebDriver.java:552)
at org.openqa.selenium.remote.RemoteWebDriver.startSession(RemoteWebDriver.java:213)
at org.openqa.selenium.remote.RemoteWebDriver.<init>(RemoteWebDriver.java:131)
at org.openqa.selenium.firefox.FirefoxDriver.<init>(FirefoxDriver.java:147)
at org.openqa.selenium.firefox.FirefoxDriver.<init>(FirefoxDriver.java:125)
at com.atmecs.falcon.automation.ui.selenium.RunModeLocal.setFirefoxDriver(RunModeLocal.java:133)
at com.atmecs.falcon.automation.ui.selenium.RunModeLocal.<init>(RunModeLocal.java:47)
at com.atmecs.falcon.automation.ui.selenium.RunModeFactory.getRunMode(RunModeFactory.java:23)
at com.atmecs.falcon.automation.ui.selenium.Browser.openURL(Browser.java:375)
at com.atmecs.falcon_ui_project.pages.BasePage.navigateToUrl(BasePage.java:12)
at com.atmecs.falcon_ui_project.testscript.LoginTest.testLogin(LoginTest.java:39)
at sun.reflect.NativeMethodAccessorImpl.invoke0(Native Method)
at sun.reflect.NativeMethodAccessorImpl.invoke(Unknown Source)
at sun.reflect.DelegatingMethodAccessorImpl.invoke(Unknown Source)
at java.lang.reflect.Method.invoke(Unknown Source)
at org.testng.internal.MethodInvocationHelper.invokeMethod(MethodInvocationHelper.java:124)
at org.testng.internal.Invoker.invokeMethod(Invoker.java:583)
at org.testng.internal.Invoker.invokeTestMethod(Invoker.java:719)
at org.testng.internal.Invoker.invokeTestMethods(Invoker.java:989)
at org.testng.internal.TestMethodWorker.invokeTestMethods(TestMethodWorker.java:125)
at org.testng.internal.TestMethodWorker.run(TestMethodWorker.java:109)
at org.testng.TestRunner.privateRun(TestRunner.java:648)
at org.testng.TestRunner.run(TestRunner.java:505)
at org.testng.SuiteRunner.runTest(SuiteRunner.java:455)
at org.testng.SuiteRunner.runSequentially(SuiteRunner.java:450)
at org.testng.SuiteRunner.privateRun(SuiteRunner.java:415)
at org.testng.SuiteRunner.run(SuiteRunner.java:364)
at org.testng.SuiteRunnerWorker.runSuite(SuiteRunnerWorker.java:52)
at org.testng.SuiteRunnerWorker.run(SuiteRunnerWorker.java:84)
at org.testng.TestNG.runSuitesSequentially(TestNG.java:1208)
at org.testng.TestNG.runSuitesLocally(TestNG.java:1137)
at org.testng.TestNG.runSuites(TestNG.java:1049)
at org.testng.TestNG.run(TestNG.java:1017)
at com.atmecs.falcon_ui_project.runner.TestNGRunner.main(TestNGRunner.java:63)
at sun.reflect.NativeMethodAccessorImpl.invoke0(Native Method)
at sun.reflect.NativeMethodAccessorImpl.invoke(Unknown Source)
at sun.reflect.DelegatingMethodAccessorImpl.invoke(Unknown Source)
at java.lang.reflect.Method.invoke(Unknown Source)
at org.codehaus.mojo.exec.ExecJavaMojo$1.run(ExecJavaMojo.java:294)
at java.lang.Thread.run(Unknown Source)
]]>
            </full-stacktrace>
          </exception> <!-- org.openqa.selenium.WebDriverException -->
          <reporter-output>
          </reporter-output>
        </test-method> <!-- testLogin -->
        <test-method status="FAIL" signature="teardown()[pri:0, instance:com.atmecs.falcon_ui_project.testscript.LoginTest@3986a17]" name="teardown" is-config="true" duration-ms="9056" started-at="2020-12-01T12:00:12Z" finished-at="2020-12-01T12:00:21Z">
          <exception class="org.openqa.selenium.NoSuchWindowException">
            <message>
              <![CDATA[Browsing context has been discarded
Build info: version: '3.141.59', revision: 'e82be7d358', time: '2018-11-14T08:17:03'
System info: host: 'ATMECSINLT-407', ip: '192.168.0.112', os.name: 'Windows 10', os.arch: 'amd64', os.version: '10.0', java.version: '1.8.0_271'
Driver info: org.openqa.selenium.firefox.FirefoxDriver
Capabilities {acceptInsecureCerts: true, browserName: firefox, browserVersion: 83.0, javascriptEnabled: true, moz:accessibilityChecks: false, moz:buildID: 20201112153044, moz:geckodriverVersion: 0.24.0, moz:headless: false, moz:processID: 9112, moz:profile: C:\Users\mohammed.rizwan\Ap..., moz:shutdownTimeout: 60000, moz:useNonSpecCompliantPointerOrigin: false, moz:webdriverClick: true, pageLoadStrategy: normal, platform: WINDOWS, platformName: WINDOWS, platformVersion: 10.0, rotatable: false, setWindowRect: true, strictFileInteractability: false, timeouts: {implicit: 0, pageLoad: 300000, script: 30000}, unhandledPromptBehavior: dismiss and notify}
Session ID: 366eb5b0-4e26-45fb-bb8e-3d7e911d3da9]]>
            </message>
            <full-stacktrace>
              <![CDATA[org.openqa.selenium.NoSuchWindowException: Browsing context has been discarded
Build info: version: '3.141.59', revision: 'e82be7d358', time: '2018-11-14T08:17:03'
System info: host: 'ATMECSINLT-407', ip: '192.168.0.112', os.name: 'Windows 10', os.arch: 'amd64', os.version: '10.0', java.version: '1.8.0_271'
Driver info: org.openqa.selenium.firefox.FirefoxDriver
Capabilities {acceptInsecureCerts: true, browserName: firefox, browserVersion: 83.0, javascriptEnabled: true, moz:accessibilityChecks: false, moz:buildID: 20201112153044, moz:geckodriverVersion: 0.24.0, moz:headless: false, moz:processID: 9112, moz:profile: C:\Users\mohammed.rizwan\Ap..., moz:shutdownTimeout: 60000, moz:useNonSpecCompliantPointerOrigin: false, moz:webdriverClick: true, pageLoadStrategy: normal, platform: WINDOWS, platformName: WINDOWS, platformVersion: 10.0, rotatable: false, setWindowRect: true, strictFileInteractability: false, timeouts: {implicit: 0, pageLoad: 300000, script: 30000}, unhandledPromptBehavior: dismiss and notify}
Session ID: 366eb5b0-4e26-45fb-bb8e-3d7e911d3da9
at sun.reflect.NativeConstructorAccessorImpl.newInstance0(Native Method)
at sun.reflect.NativeConstructorAccessorImpl.newInstance(Unknown Source)
at sun.reflect.DelegatingConstructorAccessorImpl.newInstance(Unknown Source)
at java.lang.reflect.Constructor.newInstance(Unknown Source)
at org.openqa.selenium.remote.http.W3CHttpResponseCodec.createException(W3CHttpResponseCodec.java:187)
at org.openqa.selenium.remote.http.W3CHttpResponseCodec.decode(W3CHttpResponseCodec.java:122)
at org.openqa.selenium.remote.http.W3CHttpResponseCodec.decode(W3CHttpResponseCodec.java:49)
at org.openqa.selenium.remote.HttpCommandExecutor.execute(HttpCommandExecutor.java:158)
at org.openqa.selenium.remote.service.DriverCommandExecutor.execute(DriverCommandExecutor.java:83)
at org.openqa.selenium.remote.RemoteWebDriver.execute(RemoteWebDriver.java:552)
at org.openqa.selenium.remote.RemoteWebDriver.execute(RemoteWebDriver.java:609)
at org.openqa.selenium.remote.RemoteWebDriver.close(RemoteWebDriver.java:442)
at com.atmecs.falcon.automation.ui.selenium.Browser.closeBrowser(Browser.java:123)
at com.atmecs.falcon_ui_project.testsuite.SampleTestSuiteBase.teardown(SampleTestSuiteBase.java:25)
at sun.reflect.NativeMethodAccessorImpl.invoke0(Native Method)
at sun.reflect.NativeMethodAccessorImpl.invoke(Unknown Source)
at sun.reflect.DelegatingMethodAccessorImpl.invoke(Unknown Source)
at java.lang.reflect.Method.invoke(Unknown Source)
at org.testng.internal.MethodInvocationHelper.invokeMethod(MethodInvocationHelper.java:124)
at org.testng.internal.MethodInvocationHelper.invokeMethodConsideringTimeout(MethodInvocationHelper.java:59)
at org.testng.internal.Invoker.invokeConfigurationMethod(Invoker.java:458)
at org.testng.internal.Invoker.invokeConfigurations(Invoker.java:222)
at org.testng.internal.Invoker.invokeConfigurations(Invoker.java:142)
at org.testng.internal.TestMethodWorker.invokeAfterClassMethods(TestMethodWorker.java:214)
at org.testng.internal.TestMethodWorker.run(TestMethodWorker.java:111)
at org.testng.TestRunner.privateRun(TestRunner.java:648)
at org.testng.TestRunner.run(TestRunner.java:505)
at org.testng.SuiteRunner.runTest(SuiteRunner.java:455)
at org.testng.SuiteRunner.runSequentially(SuiteRunner.java:450)
at org.testng.SuiteRunner.privateRun(SuiteRunner.java:415)
at org.testng.SuiteRunner.run(SuiteRunner.java:364)
at org.testng.SuiteRunnerWorker.runSuite(SuiteRunnerWorker.java:52)
at org.testng.SuiteRunnerWorker.run(SuiteRunnerWorker.java:84)
at org.testng.TestNG.runSuitesSequentially(TestNG.java:1208)
at org.testng.TestNG.runSuitesLocally(TestNG.java:1137)
at org.testng.TestNG.runSuites(TestNG.java:1049)
at org.testng.TestNG.run(TestNG.java:1017)
at com.atmecs.falcon_ui_project.runner.TestNGRunner.main(TestNGRunner.java:63)
at sun.reflect.NativeMethodAccessorImpl.invoke0(Native Method)
at sun.reflect.NativeMethodAccessorImpl.invoke(Unknown Source)
at sun.reflect.DelegatingMethodAccessorImpl.invoke(Unknown Source)
at java.lang.reflect.Method.invoke(Unknown Source)
at org.codehaus.mojo.exec.ExecJavaMojo$1.run(ExecJavaMojo.java:294)
at java.lang.Thread.run(Unknown Source)
]]>
            </full-stacktrace>
          </exception> <!-- org.openqa.selenium.NoSuchWindowException -->
          <reporter-output>
          </reporter-output>
        </test-method> <!-- teardown -->
      </class> <!-- com.atmecs.falcon_ui_project.testscript.LoginTest -->
    </test> <!-- SampleTest -->
  </suite> <!-- Falcon-Sample- WIN_10_firefox_83 -->
</testng-results>
